<?xml version="1.0" encoding="UTF-8"?>
<!-- Generated by org.testng.reporters.JUnitReportReporter -->
<testsuite hostname="TEKSCHOOL" failures="0" tests="3" name="tek.api.sqa.tests.SecurityTest" time="1.175" errors="0" timestamp="2023-05-24T22:00:34 EDT" skipped="0">
  <testcase classname="tek.api.sqa.tests.SecurityTest" name="testGenerateTokenValidUser" time="0.433"/>
  <system-out/>
  <testcase classname="tek.api.sqa.tests.SecurityTest" name="tokenWithInvalidDataTest" time="0.390"/>
  <system-out/>
  <testcase classname="tek.api.sqa.tests.SecurityTest" name="tokenWithInvalidDataTest" time="0.352"/>
  <system-out/>
</testsuite> <!-- tek.api.sqa.tests.SecurityTest -->
