<?xml version="1.0" encoding="UTF-8"?>
<!-- Generated by org.testng.reporters.JUnitReportReporter -->
<testsuite hostname="TEKSCHOOL" failures="0" tests="1" name="tek.api.sqa.tests.GetAccountTest" time="1.056" errors="0" timestamp="2023-05-24T22:00:34 EDT" skipped="0">
  <testcase classname="tek.api.sqa.tests.GetAccountTest" name="getAccountWithExistingId" time="1.056"/>
  <system-out/>
</testsuite> <!-- tek.api.sqa.tests.GetAccountTest -->
